[2026-02-28 13:00:39]
Header: Q1 – SOLID, Body: What does the 'S' in SOLID stand for?, Marks: 10, Correct Answer: 1. Single Responsibility Principle
==================================================
[2026-02-28 13:00:39]
Header: Q2 – Events, Body: In C#, delegates are the foundation of the event system., Marks: 5, Correct Answer: 1. True
==================================================
[2026-02-28 13:18:14]
Header: Q1 – SOLID, Body: What does the 'S' in SOLID stand for?, Marks: 10, Correct Answer: 1. Single Responsibility Principle
==================================================
[2026-02-28 13:18:14]
Header: Q2 – Events, Body: In C#, delegates are the foundation of the event system., Marks: 5, Correct Answer: 1. True
==================================================
[2026-02-28 13:36:35]
Header: Q1 – SOLID, Body: What does the 'S' in SOLID stand for?, Marks: 10, Correct Answer: 1. Single Responsibility Principle
==================================================
[2026-02-28 13:36:35]
Header: Q2 – Events, Body: In C#, delegates are the foundation of the event system., Marks: 5, Correct Answer: 1. True
==================================================
[2/28/2026 2:28:55 PM]
Header: Q1 – SOLID, Body: What does the 'S' in SOLID stand for?, Marks: 10, Correct Answer: 1. Single Responsibility Principle
==============================
[2/28/2026 2:28:55 PM]
Header: Q2 – Events, Body: In C#, delegates are the foundation of the event system., Marks: 5, Correct Answer: 1. True
==============================
[2/28/2026 2:58:05 PM]
Header: Q1 – SOLID, Body: What does the 'S' in SOLID stand for?, Marks: 10, Correct Answer: 1. Single Responsibility Principle
==============================
[2/28/2026 2:58:05 PM]
Header: Q2 – Events, Body: In C#, delegates are the foundation of the event system., Marks: 5, Correct Answer: 1. True
==============================
[2/28/2026 3:16:39 PM]
Header: Q1 – SOLID, Body: What does the 'S' in SOLID stand for?, Marks: 10, Correct Answer: 1. Single Responsibility Principle
==============================
[2/28/2026 3:16:39 PM]
Header: Q2 – Events, Body: In C#, delegates are the foundation of the event system., Marks: 5, Correct Answer: 1. True
==============================
[2/28/2026 3:18:15 PM]
Header: Q1 – SOLID, Body: What does the 'S' in SOLID stand for?, Marks: 10, Correct Answer: 1. Single Responsibility Principle
==============================
[2/28/2026 3:18:15 PM]
Header: Q2 – Events, Body: In C#, delegates are the foundation of the event system., Marks: 5, Correct Answer: 1. True
==============================
[2/28/2026 3:18:30 PM]
Header: Q1 – SOLID, Body: What does the 'S' in SOLID stand for?, Marks: 10, Correct Answer: 1. Single Responsibility Principle
==============================
[2/28/2026 3:18:30 PM]
Header: Q2 – Events, Body: In C#, delegates are the foundation of the event system., Marks: 5, Correct Answer: 1. True
==============================
[2/28/2026 3:41:58 PM]
Header: Q1 – SOLID, Body: What does the 'S' in SOLID stand for?, Marks: 10, Correct Answer: 1. Single Responsibility Principle
==============================
[2/28/2026 3:41:58 PM]
Header: Q2 – Events, Body: In C#, delegates are the foundation of the event system., Marks: 5, Correct Answer: 1. True
==============================
[2/28/2026 3:42:07 PM]
Header: Q1 – SOLID, Body: What does the 'S' in SOLID stand for?, Marks: 10, Correct Answer: 1. Single Responsibility Principle
==============================
[2/28/2026 3:42:07 PM]
Header: Q2 – Events, Body: In C#, delegates are the foundation of the event system., Marks: 5, Correct Answer: 1. True
==============================
[2/28/2026 3:45:04 PM]
Header: Q1 – SOLID, Body: What does the 'S' in SOLID stand for?, Marks: 10, Correct Answer: 1. Single Responsibility Principle
==============================
[2/28/2026 3:45:04 PM]
Header: Q2 – Events, Body: In C#, delegates are the foundation of the event system., Marks: 5, Correct Answer: 1. True
==============================
[2/28/2026 3:53:40 PM]
Header: Q1 – SOLID, Body: What does the 'S' in SOLID stand for?, Marks: 10, Correct Answer: 1. Single Responsibility Principle
==============================
[2/28/2026 3:53:40 PM]
Header: Q2 – Events, Body: In C#, delegates are the foundation of the event system., Marks: 5, Correct Answer: 1. True
==============================
[2/28/2026 3:56:50 PM]
Header: Q1 – SOLID, Body: What does the 'S' in SOLID stand for?, Marks: 10, Correct Answer: 1. Single Responsibility Principle
==============================
[2/28/2026 3:56:50 PM]
Header: Q2 – Events, Body: In C#, delegates are the foundation of the event system., Marks: 5, Correct Answer: 1. True
==============================
[2/28/2026 4:01:17 PM]
Header: Q1 – SOLID, Body: What does the 'S' in SOLID stand for?, Marks: 10, Correct Answer: 1. Single Responsibility Principle
==============================
[2/28/2026 4:01:17 PM]
Header: Q2 – Events, Body: In C#, delegates are the foundation of the event system., Marks: 5, Correct Answer: 1. True
==============================
[2/28/2026 4:09:19 PM]
Header: Q1 – SOLID, Body: What does the 'S' in SOLID stand for?, Marks: 10, Correct Answer: 1. Single Responsibility Principle
==============================
[2/28/2026 4:09:19 PM]
Header: Q2 – Events, Body: In C#, delegates are the foundation of the event system., Marks: 5, Correct Answer: 1. True
==============================
[2/28/2026 4:11:19 PM]
Header: Q1 – SOLID, Body: What does the 'S' in SOLID stand for?, Marks: 10, Correct Answer: 1. Single Responsibility Principle
==============================
[2/28/2026 4:11:19 PM]
Header: Q2 – Events, Body: In C#, delegates are the foundation of the event system., Marks: 5, Correct Answer: 1. True
==============================
[2/28/2026 5:20:53 PM]
Header: Q1 – SOLID, Body: What does the 'S' in SOLID stand for?, Marks: 10, Correct Answer: 1. Single Responsibility Principle
==============================
[2/28/2026 5:20:53 PM]
Header: Q2 – Events, Body: In C#, delegates are the foundation of the event system., Marks: 5, Correct Answer: 1. True
==============================
[2/28/2026 5:42:17 PM]
Header: Q1 – SOLID, Body: What does the 'S' in SOLID stand for?, Marks: 10, Correct Answer: 1. Single Responsibility Principle
==============================
[2/28/2026 5:42:17 PM]
Header: Q2 – Events, Body: In C#, delegates are the foundation of the event system., Marks: 5, Correct Answer: 1. True
==============================
[2/28/2026 5:44:19 PM]
Header: Q1 – SOLID, Body: What does the 'S' in SOLID stand for?, Marks: 10, Correct Answer: 1. Single Responsibility Principle
==============================
[2/28/2026 5:44:19 PM]
Header: Q2 – Events, Body: In C#, delegates are the foundation of the event system., Marks: 5, Correct Answer: 1. True
==============================
[2/28/2026 5:45:03 PM]
Header: Q1 – SOLID, Body: What does the 'S' in SOLID stand for?, Marks: 10, Correct Answer: 1. Single Responsibility Principle
==============================
[2/28/2026 5:45:03 PM]
Header: Q2 – Events, Body: In C#, delegates are the foundation of the event system., Marks: 5, Correct Answer: 1. True
==============================
[2/28/2026 5:45:28 PM]
Header: Q1 – SOLID, Body: What does the 'S' in SOLID stand for?, Marks: 10, Correct Answer: 1. Single Responsibility Principle
==============================
[2/28/2026 5:45:28 PM]
Header: Q2 – Events, Body: In C#, delegates are the foundation of the event system., Marks: 5, Correct Answer: 1. True
==============================
[2/28/2026 5:57:15 PM]
Header: Q1 – SOLID, Body: What does the 'S' in SOLID stand for?, Marks: 10, Correct Answer: 1. Single Responsibility Principle
==============================
[2/28/2026 5:57:15 PM]
Header: Q2 – Events, Body: In C#, delegates are the foundation of the event system., Marks: 5, Correct Answer: 1. True
==============================
[2/28/2026 6:03:23 PM]
Header: Q1 – SOLID, Body: What does the 'S' in SOLID stand for?, Marks: 10, Correct Answer: 1. Single Responsibility Principle
==============================
[2/28/2026 6:03:23 PM]
Header: Q2 – Events, Body: In C#, delegates are the foundation of the event system., Marks: 5, Correct Answer: 1. True
==============================
[2/28/2026 6:03:56 PM]
Header: Q1 – SOLID, Body: What does the 'S' in SOLID stand for?, Marks: 10, Correct Answer: 1. Single Responsibility Principle
==============================
[2/28/2026 6:03:56 PM]
Header: Q2 – Events, Body: In C#, delegates are the foundation of the event system., Marks: 5, Correct Answer: 1. True
==============================
[3/1/2026 1:34:26 PM]
Header: Q1 – SOLID, Body: What does the 'S' in SOLID stand for?, Marks: 10, Correct Answer: 1. Single Responsibility Principle
==============================
[3/1/2026 1:34:26 PM]
Header: Q2 – Events, Body: In C#, delegates are the foundation of the event system., Marks: 5, Correct Answer: 1. True
==============================
[3/1/2026 2:08:30 PM]
Header: Q1 – SOLID, Body: What does the 'S' in SOLID stand for?, Marks: 10, Correct Answer: 1. Single Responsibility Principle
==============================
[3/1/2026 2:08:30 PM]
Header: Q2 – Events, Body: In C#, delegates are the foundation of the event system., Marks: 5, Correct Answer: 1. True
==============================
[3/2/2026 9:43:57 AM]
Header: Q1 – SOLID, Body: What does the 'S' in SOLID stand for?, Marks: 10, Correct Answer: 1. Single Responsibility Principle
==============================
[3/2/2026 9:43:57 AM]
Header: Q2 – Events, Body: In C#, delegates are the foundation of the event system., Marks: 5, Correct Answer: 1. True
==============================
