[2026-02-28 13:00:39]
Header: Q1 – OOP, Body: Is C# a purely object-oriented language?, Marks: 5, Correct Answer: 2. False
==================================================
[2026-02-28 13:00:39]
Header: Q2 – Languages, Body: Which language runs on the .NET runtime?, Marks: 10, Correct Answer: 3. C#
==================================================
[2026-02-28 13:00:39]
Header: Q3 – OOP Pillars, Body: Select ALL four pillars of Object-Oriented Programming:, Marks: 15, Correct Answer: 1. Encapsulation, 3. Inheritance, 4. Polymorphism
==================================================
[2026-02-28 13:18:14]
Header: Q1 – OOP, Body: Is C# a purely object-oriented language?, Marks: 5, Correct Answer: 2. False
==================================================
[2026-02-28 13:18:14]
Header: Q2 – Languages, Body: Which language runs on the .NET runtime?, Marks: 10, Correct Answer: 3. C#
==================================================
[2026-02-28 13:18:14]
Header: Q3 – OOP Pillars, Body: Select ALL four pillars of Object-Oriented Programming:, Marks: 15, Correct Answer: 1. Encapsulation, 3. Inheritance, 4. Polymorphism
==================================================
[2026-02-28 13:36:35]
Header: Q1 – OOP, Body: Is C# a purely object-oriented language?, Marks: 5, Correct Answer: 2. False
==================================================
[2026-02-28 13:36:35]
Header: Q2 – Languages, Body: Which language runs on the .NET runtime?, Marks: 10, Correct Answer: 3. C#
==================================================
[2026-02-28 13:36:35]
Header: Q3 – OOP Pillars, Body: Select ALL four pillars of Object-Oriented Programming:, Marks: 15, Correct Answer: 1. Encapsulation, 3. Inheritance, 4. Polymorphism
==================================================
[2/28/2026 2:28:55 PM]
Header: Q1 – OOP, Body: Is C# a purely object-oriented language?, Marks: 5, Correct Answer: 2. False
==============================
[2/28/2026 2:28:55 PM]
Header: Q2 – Languages, Body: Which language runs on the .NET runtime?, Marks: 10, Correct Answer: 3. C#
==============================
[2/28/2026 2:28:55 PM]
Header: Q3 – OOP Pillars, Body: Select ALL four pillars of Object-Oriented Programming:, Marks: 15, Correct Answer: 1. Encapsulation, 3. Inheritance, 4. Polymorphism
==============================
[2/28/2026 2:58:05 PM]
Header: Q1 – OOP, Body: Is C# a purely object-oriented language?, Marks: 5, Correct Answer: 2. False
==============================
[2/28/2026 2:58:05 PM]
Header: Q2 – Languages, Body: Which language runs on the .NET runtime?, Marks: 10, Correct Answer: 3. C#
==============================
[2/28/2026 2:58:05 PM]
Header: Q3 – OOP Pillars, Body: Select ALL four pillars of Object-Oriented Programming:, Marks: 15, Correct Answer: 1. Encapsulation, 3. Inheritance, 4. Polymorphism
==============================
[2/28/2026 3:16:39 PM]
Header: Q1 – OOP, Body: Is C# a purely object-oriented language?, Marks: 5, Correct Answer: 2. False
==============================
[2/28/2026 3:16:39 PM]
Header: Q2 – Languages, Body: Which language runs on the .NET runtime?, Marks: 10, Correct Answer: 3. C#
==============================
[2/28/2026 3:16:39 PM]
Header: Q3 – OOP Pillars, Body: Select ALL four pillars of Object-Oriented Programming:, Marks: 15, Correct Answer: 1. Encapsulation, 3. Inheritance, 4. Polymorphism
==============================
[2/28/2026 3:18:15 PM]
Header: Q1 – OOP, Body: Is C# a purely object-oriented language?, Marks: 5, Correct Answer: 2. False
==============================
[2/28/2026 3:18:15 PM]
Header: Q2 – Languages, Body: Which language runs on the .NET runtime?, Marks: 10, Correct Answer: 3. C#
==============================
[2/28/2026 3:18:15 PM]
Header: Q3 – OOP Pillars, Body: Select ALL four pillars of Object-Oriented Programming:, Marks: 15, Correct Answer: 1. Encapsulation, 3. Inheritance, 4. Polymorphism
==============================
[2/28/2026 3:18:30 PM]
Header: Q1 – OOP, Body: Is C# a purely object-oriented language?, Marks: 5, Correct Answer: 2. False
==============================
[2/28/2026 3:18:30 PM]
Header: Q2 – Languages, Body: Which language runs on the .NET runtime?, Marks: 10, Correct Answer: 3. C#
==============================
[2/28/2026 3:18:30 PM]
Header: Q3 – OOP Pillars, Body: Select ALL four pillars of Object-Oriented Programming:, Marks: 15, Correct Answer: 1. Encapsulation, 3. Inheritance, 4. Polymorphism
==============================
[2/28/2026 3:41:58 PM]
Header: Q1 – OOP, Body: Is C# a purely object-oriented language?, Marks: 5, Correct Answer: 2. False
==============================
[2/28/2026 3:41:58 PM]
Header: Q2 – Languages, Body: Which language runs on the .NET runtime?, Marks: 10, Correct Answer: 3. C#
==============================
[2/28/2026 3:41:58 PM]
Header: Q3 – OOP Pillars, Body: Select ALL four pillars of Object-Oriented Programming:, Marks: 15, Correct Answer: 1. Encapsulation, 3. Inheritance, 4. Polymorphism
==============================
[2/28/2026 3:42:07 PM]
Header: Q1 – OOP, Body: Is C# a purely object-oriented language?, Marks: 5, Correct Answer: 2. False
==============================
[2/28/2026 3:42:07 PM]
Header: Q2 – Languages, Body: Which language runs on the .NET runtime?, Marks: 10, Correct Answer: 3. C#
==============================
[2/28/2026 3:42:07 PM]
Header: Q3 – OOP Pillars, Body: Select ALL four pillars of Object-Oriented Programming:, Marks: 15, Correct Answer: 1. Encapsulation, 3. Inheritance, 4. Polymorphism
==============================
[2/28/2026 3:45:04 PM]
Header: Q1 – OOP, Body: Is C# a purely object-oriented language?, Marks: 5, Correct Answer: 2. False
==============================
[2/28/2026 3:45:04 PM]
Header: Q2 – Languages, Body: Which language runs on the .NET runtime?, Marks: 10, Correct Answer: 3. C#
==============================
[2/28/2026 3:45:04 PM]
Header: Q3 – OOP Pillars, Body: Select ALL four pillars of Object-Oriented Programming:, Marks: 15, Correct Answer: 1. Encapsulation, 3. Inheritance, 4. Polymorphism
==============================
[2/28/2026 3:53:40 PM]
Header: Q1 – OOP, Body: Is C# a purely object-oriented language?, Marks: 5, Correct Answer: 2. False
==============================
[2/28/2026 3:53:40 PM]
Header: Q2 – Languages, Body: Which language runs on the .NET runtime?, Marks: 10, Correct Answer: 3. C#
==============================
[2/28/2026 3:53:40 PM]
Header: Q3 – OOP Pillars, Body: Select ALL four pillars of Object-Oriented Programming:, Marks: 15, Correct Answer: 1. Encapsulation, 3. Inheritance, 4. Polymorphism
==============================
[2/28/2026 3:56:50 PM]
Header: Q1 – OOP, Body: Is C# a purely object-oriented language?, Marks: 5, Correct Answer: 2. False
==============================
[2/28/2026 3:56:50 PM]
Header: Q2 – Languages, Body: Which language runs on the .NET runtime?, Marks: 10, Correct Answer: 3. C#
==============================
[2/28/2026 3:56:50 PM]
Header: Q3 – OOP Pillars, Body: Select ALL four pillars of Object-Oriented Programming:, Marks: 15, Correct Answer: 1. Encapsulation, 3. Inheritance, 4. Polymorphism
==============================
[2/28/2026 4:01:17 PM]
Header: Q1 – OOP, Body: Is C# a purely object-oriented language?, Marks: 5, Correct Answer: 2. False
==============================
[2/28/2026 4:01:17 PM]
Header: Q2 – Languages, Body: Which language runs on the .NET runtime?, Marks: 10, Correct Answer: 3. C#
==============================
[2/28/2026 4:01:17 PM]
Header: Q3 – OOP Pillars, Body: Select ALL four pillars of Object-Oriented Programming:, Marks: 15, Correct Answer: 1. Encapsulation, 3. Inheritance, 4. Polymorphism
==============================
[2/28/2026 4:09:19 PM]
Header: Q1 – OOP, Body: Is C# a purely object-oriented language?, Marks: 5, Correct Answer: 2. False
==============================
[2/28/2026 4:09:19 PM]
Header: Q2 – Languages, Body: Which language runs on the .NET runtime?, Marks: 10, Correct Answer: 3. C#
==============================
[2/28/2026 4:09:19 PM]
Header: Q3 – OOP Pillars, Body: Select ALL four pillars of Object-Oriented Programming:, Marks: 15, Correct Answer: 1. Encapsulation, 3. Inheritance, 4. Polymorphism
==============================
[2/28/2026 4:11:19 PM]
Header: Q1 – OOP, Body: Is C# a purely object-oriented language?, Marks: 5, Correct Answer: 2. False
==============================
[2/28/2026 4:11:19 PM]
Header: Q2 – Languages, Body: Which language runs on the .NET runtime?, Marks: 10, Correct Answer: 3. C#
==============================
[2/28/2026 4:11:19 PM]
Header: Q3 – OOP Pillars, Body: Select ALL four pillars of Object-Oriented Programming:, Marks: 15, Correct Answer: 1. Encapsulation, 3. Inheritance, 4. Polymorphism
==============================
[2/28/2026 5:20:53 PM]
Header: Q1 – OOP, Body: Is C# a purely object-oriented language?, Marks: 5, Correct Answer: 2. False
==============================
[2/28/2026 5:20:53 PM]
Header: Q2 – Languages, Body: Which language runs on the .NET runtime?, Marks: 10, Correct Answer: 3. C#
==============================
[2/28/2026 5:20:53 PM]
Header: Q3 – OOP Pillars, Body: Select ALL four pillars of Object-Oriented Programming:, Marks: 15, Correct Answer: 1. Encapsulation, 3. Inheritance, 4. Polymorphism
==============================
[2/28/2026 5:42:17 PM]
Header: Q1 – OOP, Body: Is C# a purely object-oriented language?, Marks: 5, Correct Answer: 2. False
==============================
[2/28/2026 5:42:17 PM]
Header: Q2 – Languages, Body: Which language runs on the .NET runtime?, Marks: 10, Correct Answer: 3. C#
==============================
[2/28/2026 5:42:17 PM]
Header: Q3 – OOP Pillars, Body: Select ALL four pillars of Object-Oriented Programming:, Marks: 15, Correct Answer: 1. Encapsulation, 3. Inheritance, 4. Polymorphism
==============================
[2/28/2026 5:44:19 PM]
Header: Q1 – OOP, Body: Is C# a purely object-oriented language?, Marks: 5, Correct Answer: 2. False
==============================
[2/28/2026 5:44:19 PM]
Header: Q2 – Languages, Body: Which language runs on the .NET runtime?, Marks: 10, Correct Answer: 3. C#
==============================
[2/28/2026 5:44:19 PM]
Header: Q3 – OOP Pillars, Body: Select ALL four pillars of Object-Oriented Programming:, Marks: 15, Correct Answer: 1. Encapsulation, 3. Inheritance, 4. Polymorphism
==============================
[2/28/2026 5:45:03 PM]
Header: Q1 – OOP, Body: Is C# a purely object-oriented language?, Marks: 5, Correct Answer: 2. False
==============================
[2/28/2026 5:45:03 PM]
Header: Q2 – Languages, Body: Which language runs on the .NET runtime?, Marks: 10, Correct Answer: 3. C#
==============================
[2/28/2026 5:45:03 PM]
Header: Q3 – OOP Pillars, Body: Select ALL four pillars of Object-Oriented Programming:, Marks: 15, Correct Answer: 1. Encapsulation, 3. Inheritance, 4. Polymorphism
==============================
[2/28/2026 5:45:28 PM]
Header: Q1 – OOP, Body: Is C# a purely object-oriented language?, Marks: 5, Correct Answer: 2. False
==============================
[2/28/2026 5:45:28 PM]
Header: Q2 – Languages, Body: Which language runs on the .NET runtime?, Marks: 10, Correct Answer: 3. C#
==============================
[2/28/2026 5:45:28 PM]
Header: Q3 – OOP Pillars, Body: Select ALL four pillars of Object-Oriented Programming:, Marks: 15, Correct Answer: 1. Encapsulation, 3. Inheritance, 4. Polymorphism
==============================
[2/28/2026 5:57:15 PM]
Header: Q1 – OOP, Body: Is C# a purely object-oriented language?, Marks: 5, Correct Answer: 2. False
==============================
[2/28/2026 5:57:15 PM]
Header: Q2 – Languages, Body: Which language runs on the .NET runtime?, Marks: 10, Correct Answer: 3. C#
==============================
[2/28/2026 5:57:15 PM]
Header: Q3 – OOP Pillars, Body: Select ALL four pillars of Object-Oriented Programming:, Marks: 15, Correct Answer: 1. Encapsulation, 3. Inheritance, 4. Polymorphism
==============================
[2/28/2026 6:03:23 PM]
Header: Q1 – OOP, Body: Is C# a purely object-oriented language?, Marks: 5, Correct Answer: 2. False
==============================
[2/28/2026 6:03:23 PM]
Header: Q2 – Languages, Body: Which language runs on the .NET runtime?, Marks: 10, Correct Answer: 3. C#
==============================
[2/28/2026 6:03:23 PM]
Header: Q3 – OOP Pillars, Body: Select ALL pillars of Object-Oriented Programming:, Marks: 15, Correct Answer: 1. Encapsulation, 3. Inheritance, 4. Polymorphism
==============================
[2/28/2026 6:03:56 PM]
Header: Q1 – OOP, Body: Is C# a purely object-oriented language?, Marks: 5, Correct Answer: 2. False
==============================
[2/28/2026 6:03:56 PM]
Header: Q2 – Languages, Body: Which language runs on the .NET runtime?, Marks: 10, Correct Answer: 3. C#
==============================
[2/28/2026 6:03:56 PM]
Header: Q3 – OOP Pillars, Body: Select ALL pillars of Object-Oriented Programming:, Marks: 15, Correct Answer: 1. Encapsulation, 3. Inheritance, 4. Polymorphism
==============================
[3/1/2026 1:34:25 PM]
Header: Q1 – OOP, Body: Is C# a purely object-oriented language?, Marks: 5, Correct Answer: 2. False
==============================
[3/1/2026 1:34:26 PM]
Header: Q2 – Languages, Body: Which language runs on the .NET runtime?, Marks: 10, Correct Answer: 3. C#
==============================
[3/1/2026 1:34:26 PM]
Header: Q3 – OOP Pillars, Body: Select ALL pillars of Object-Oriented Programming:, Marks: 15, Correct Answer: 1. Encapsulation, 3. Inheritance, 4. Polymorphism
==============================
[3/1/2026 2:08:30 PM]
Header: Q1 – OOP, Body: Is C# a purely object-oriented language?, Marks: 5, Correct Answer: 2. False
==============================
[3/1/2026 2:08:30 PM]
Header: Q2 – Languages, Body: Which language runs on the .NET runtime?, Marks: 10, Correct Answer: 3. C#
==============================
[3/1/2026 2:08:30 PM]
Header: Q3 – OOP Pillars, Body: Select ALL pillars of Object-Oriented Programming:, Marks: 15, Correct Answer: 1. Encapsulation, 3. Inheritance, 4. Polymorphism
==============================
[3/2/2026 9:43:57 AM]
Header: Q1 – OOP, Body: Is C# a purely object-oriented language?, Marks: 5, Correct Answer: 2. False
==============================
[3/2/2026 9:43:57 AM]
Header: Q2 – Languages, Body: Which language runs on the .NET runtime?, Marks: 10, Correct Answer: 3. C#
==============================
[3/2/2026 9:43:57 AM]
Header: Q3 – OOP Pillars, Body: Select ALL pillars of Object-Oriented Programming:, Marks: 15, Correct Answer: 1. Encapsulation, 3. Inheritance, 4. Polymorphism
==============================
[3/2/2026 3:51:06 PM]
Header: Q1 – OOP, Body: Is C# a purely object-oriented language?, Marks: 5, Correct Answer: 2. False
==============================
[3/2/2026 3:51:06 PM]
Header: Q2 – Languages, Body: Which language runs on the .NET runtime?, Marks: 10, Correct Answer: 3. C#
==============================
[3/2/2026 3:51:06 PM]
Header: Q3 – OOP Pillars, Body: Select ALL pillars of Object-Oriented Programming:, Marks: 15, Correct Answer: 1. Encapsulation, 3. Inheritance, 4. Polymorphism
==============================
[3/2/2026 4:29:46 PM]
Header: Q1 – OOP, Body: Is C# a purely object-oriented language?, Marks: 5, Correct Answer: 2. False
==============================
[3/2/2026 4:29:46 PM]
Header: Q2 – Languages, Body: Which language runs on the .NET runtime?, Marks: 10, Correct Answer: 3. C#
==============================
[3/2/2026 4:29:46 PM]
Header: Q3 – OOP Pillars, Body: Select ALL pillars of Object-Oriented Programming:, Marks: 15, Correct Answer: 1. Encapsulation, 3. Inheritance, 4. Polymorphism
==============================
[3/2/2026 4:42:27 PM]
Header: Q1 – OOP, Body: Is C# a purely object-oriented language?, Marks: 5, Correct Answer: 2. False
==============================
[3/2/2026 4:42:27 PM]
Header: Q2 – Languages, Body: Which language runs on the .NET runtime?, Marks: 10, Correct Answer: 3. C#
==============================
[3/2/2026 4:42:27 PM]
Header: Q3 – OOP Pillars, Body: Select ALL pillars of Object-Oriented Programming:, Marks: 15, Correct Answer: 1. Encapsulation, 3. Inheritance, 4. Polymorphism
==============================
[3/2/2026 4:42:57 PM]
Header: Q1 – OOP, Body: Is C# a purely object-oriented language?, Marks: 5, Correct Answer: 2. False
==============================
[3/2/2026 4:42:57 PM]
Header: Q2 – Languages, Body: Which language runs on the .NET runtime?, Marks: 10, Correct Answer: 3. C#
==============================
[3/2/2026 4:42:57 PM]
Header: Q3 – OOP Pillars, Body: Select ALL pillars of Object-Oriented Programming:, Marks: 15, Correct Answer: 1. Encapsulation, 3. Inheritance, 4. Polymorphism
==============================
[3/2/2026 4:43:45 PM]
Header: Q1 – OOP, Body: Is C# a purely object-oriented language?, Marks: 5, Correct Answer: 2. False
==============================
[3/2/2026 4:43:45 PM]
Header: Q2 – Languages, Body: Which language runs on the .NET runtime?, Marks: 10, Correct Answer: 3. C#
==============================
[3/2/2026 4:43:45 PM]
Header: Q3 – OOP Pillars, Body: Select ALL pillars of Object-Oriented Programming:, Marks: 15, Correct Answer: 1. Encapsulation, 3. Inheritance, 4. Polymorphism
==============================
[3/2/2026 4:48:33 PM]
Header: Q1 – OOP, Body: Is C# a purely object-oriented language?, Marks: 5, Correct Answer: 2. False
==============================
[3/2/2026 4:48:33 PM]
Header: Q2 – Languages, Body: Which language runs on the .NET runtime?, Marks: 10, Correct Answer: 3. C#
==============================
[3/2/2026 4:48:33 PM]
Header: Q3 – OOP Pillars, Body: Select ALL pillars of Object-Oriented Programming:, Marks: 15, Correct Answer: 1. Encapsulation, 3. Inheritance, 4. Polymorphism
==============================
[3/3/2026 8:23:29 PM]
Header: Q1 – OOP, Body: Is C# a purely object-oriented language?, Marks: 5, Correct Answer: 2. False
==============================
[3/3/2026 8:23:29 PM]
Header: Q2 – Languages, Body: Which language runs on the .NET runtime?, Marks: 10, Correct Answer: 3. C#
==============================
[3/3/2026 8:23:29 PM]
Header: Q3 – OOP Pillars, Body: Select ALL pillars of Object-Oriented Programming:, Marks: 15, Correct Answer: 1. Encapsulation, 3. Inheritance, 4. Polymorphism
==============================
[3/3/2026 8:50:53 PM]
Header: Q1 – OOP, Body: Is C# a purely object-oriented language?, Marks: 5, Correct Answer: 2. False
==============================
[3/3/2026 8:50:53 PM]
Header: Q2 – Languages, Body: Which language runs on the .NET runtime?, Marks: 10, Correct Answer: 3. C#
==============================
[3/3/2026 8:50:53 PM]
Header: Q3 – OOP Pillars, Body: Select ALL pillars of Object-Oriented Programming:, Marks: 15, Correct Answer: 1. Encapsulation, 3. Inheritance, 4. Polymorphism
==============================
[3/8/2026 12:07:35 AM]
Header: Q1 – OOP, Body: Is C# a purely object-oriented language?, Marks: 5, Correct Answer: 2. False
==============================
[3/8/2026 12:07:35 AM]
Header: Q2 – Languages, Body: Which language runs on the .NET runtime?, Marks: 10, Correct Answer: 3. C#
==============================
[3/8/2026 12:07:35 AM]
Header: Q3 – OOP Pillars, Body: Select ALL pillars of Object-Oriented Programming:, Marks: 15, Correct Answer: 1. Encapsulation, 3. Inheritance, 4. Polymorphism
==============================
[3/8/2026 1:32:42 AM]
Header: Q1 – OOP, Body: Is C# a purely object-oriented language?, Marks: 5, Correct Answer: 2. False
==============================
[3/8/2026 1:32:42 AM]
Header: Q2 – Languages, Body: Which language runs on the .NET runtime?, Marks: 10, Correct Answer: 3. C#
==============================
[3/8/2026 1:32:42 AM]
Header: Q3 – OOP Pillars, Body: Select ALL pillars of Object-Oriented Programming:, Marks: 15, Correct Answer: 1. Encapsulation, 3. Inheritance, 4. Polymorphism
==============================
